<?xml version="1.0" encoding="UTF-8"?>
<coverage generated="1749305377055" clover="3.2.0">
  <project timestamp="1749305377055" name="All files">
    <metrics statements="258" coveredstatements="237" conditionals="128" coveredconditionals="100" methods="33" coveredmethods="33" elements="419" coveredelements="370" complexity="0" loc="258" ncloc="258" packages="1" files="6" classes="6"/>
    <file name="direct-sheets-fetch.ts" path="/Users/alex/Repositories/github.com/ethcluj/conf-app/backend/src/direct-sheets-fetch.ts">
      <metrics statements="54" coveredstatements="48" conditionals="37" coveredconditionals="32" methods="6" coveredmethods="6"/>
      <line num="1" count="4" type="stmt"/>
      <line num="8" count="4" type="stmt"/>
      <line num="12" count="7" type="stmt"/>
      <line num="13" count="7" type="stmt"/>
      <line num="14" count="7" type="stmt"/>
      <line num="15" count="7" type="stmt"/>
      <line num="16" count="7" type="stmt"/>
      <line num="17" count="7" type="stmt"/>
      <line num="19" count="7" type="stmt"/>
      <line num="21" count="7" type="stmt"/>
      <line num="23" count="7" type="stmt"/>
      <line num="25" count="6" type="cond" truecount="1" falsecount="0"/>
      <line num="26" count="1" type="stmt"/>
      <line num="27" count="1" type="stmt"/>
      <line num="31" count="5" type="stmt"/>
      <line num="34" count="5" type="stmt"/>
      <line num="36" count="5" type="stmt"/>
      <line num="38" count="5" type="cond" truecount="0" falsecount="1"/>
      <line num="39" count="0" type="stmt"/>
      <line num="40" count="0" type="stmt"/>
      <line num="45" count="5" type="stmt"/>
      <line num="46" count="15" type="stmt"/>
      <line num="48" count="15" type="stmt"/>
      <line num="51" count="15" type="stmt"/>
      <line num="52" count="16" type="stmt"/>
      <line num="56" count="15" type="stmt"/>
      <line num="57" count="135" type="stmt"/>
      <line num="59" count="135" type="cond" truecount="1" falsecount="2"/>
      <line num="60" count="0" type="stmt"/>
      <line num="62" count="135" type="stmt"/>
      <line num="67" count="15" type="stmt"/>
      <line num="79" count="0" type="stmt"/>
      <line num="80" count="0" type="stmt"/>
      <line num="82" count="0" type="stmt"/>
      <line num="97" count="5" type="stmt"/>
      <line num="98" count="15" type="stmt"/>
      <line num="102" count="11" type="cond" truecount="2" falsecount="0"/>
      <line num="103" count="5" type="stmt"/>
      <line num="105" count="5" type="stmt"/>
      <line num="107" count="1" type="stmt"/>
      <line num="108" count="1" type="stmt"/>
      <line num="116" count="15" type="stmt"/>
      <line num="117" count="15" type="stmt"/>
      <line num="118" count="15" type="stmt"/>
      <line num="120" count="15" type="stmt"/>
      <line num="121" count="1316" type="stmt"/>
      <line num="123" count="1316" type="cond" truecount="2" falsecount="0"/>
      <line num="125" count="237" type="stmt"/>
      <line num="126" count="1079" type="cond" truecount="4" falsecount="0"/>
      <line num="128" count="104" type="stmt"/>
      <line num="129" count="104" type="stmt"/>
      <line num="132" count="975" type="stmt"/>
      <line num="137" count="15" type="stmt"/>
      <line num="139" count="15" type="stmt"/>
    </file>
    <file name="google-sheets.ts" path="/Users/alex/Repositories/github.com/ethcluj/conf-app/backend/src/google-sheets.ts">
      <metrics statements="20" coveredstatements="19" conditionals="27" coveredconditionals="21" methods="4" coveredmethods="4"/>
      <line num="1" count="4" type="stmt"/>
      <line num="16" count="4" type="stmt"/>
      <line num="17" count="4" type="stmt"/>
      <line num="19" count="4" type="stmt"/>
      <line num="25" count="4" type="stmt"/>
      <line num="30" count="3" type="stmt"/>
      <line num="32" count="3" type="cond" truecount="3" falsecount="0"/>
      <line num="33" count="1" type="stmt"/>
      <line num="34" count="1" type="stmt"/>
      <line num="38" count="2" type="stmt"/>
      <line num="40" count="2" type="stmt"/>
      <line num="43" count="6" type="stmt"/>
      <line num="44" count="6" type="stmt"/>
      <line num="45" count="0" type="stmt"/>
      <line num="48" count="6" type="stmt"/>
      <line num="60" count="6" type="stmt"/>
      <line num="62" count="1" type="stmt"/>
      <line num="63" count="1" type="stmt"/>
      <line num="72" count="4" type="stmt"/>
      <line num="73" count="9" type="stmt"/>
    </file>
    <file name="schedule-manager.ts" path="/Users/alex/Repositories/github.com/ethcluj/conf-app/backend/src/schedule-manager.ts">
      <metrics statements="79" coveredstatements="67" conditionals="32" coveredconditionals="19" methods="7" coveredmethods="7"/>
      <line num="1" count="3" type="stmt"/>
      <line num="9" count="3" type="stmt"/>
      <line num="10" count="3" type="stmt"/>
      <line num="11" count="3" type="stmt"/>
      <line num="14" count="3" type="stmt"/>
      <line num="18" count="23" type="stmt"/>
      <line num="20" count="23" type="stmt"/>
      <line num="22" count="23" type="cond" truecount="0" falsecount="1"/>
      <line num="23" count="0" type="stmt"/>
      <line num="26" count="23" type="stmt"/>
      <line num="27" count="23" type="stmt"/>
      <line num="28" count="23" type="stmt"/>
      <line num="29" count="23" type="stmt"/>
      <line num="32" count="23" type="stmt"/>
      <line num="33" count="23" type="stmt"/>
      <line num="34" count="23" type="stmt"/>
      <line num="37" count="23" type="cond" truecount="0" falsecount="1"/>
      <line num="38" count="0" type="stmt"/>
      <line num="41" count="23" type="stmt"/>
      <line num="43" count="0" type="stmt"/>
      <line num="45" count="0" type="stmt"/>
      <line num="46" count="0" type="stmt"/>
      <line num="56" count="23" type="stmt"/>
      <line num="61" count="23" type="cond" truecount="1" falsecount="1"/>
      <line num="65" count="3" type="stmt"/>
      <line num="66" count="7" type="stmt"/>
      <line num="69" count="29" type="cond" truecount="2" falsecount="0"/>
      <line num="70" count="7" type="stmt"/>
      <line num="74" count="7" type="stmt"/>
      <line num="75" count="29" type="stmt"/>
      <line num="78" count="7" type="stmt"/>
      <line num="81" count="7" type="stmt"/>
      <line num="82" count="7" type="stmt"/>
      <line num="83" count="7" type="stmt"/>
      <line num="84" count="7" type="stmt"/>
      <line num="87" count="7" type="stmt"/>
      <line num="88" count="24" type="stmt"/>
      <line num="91" count="24" type="cond" truecount="3" falsecount="0"/>
      <line num="92" count="6" type="stmt"/>
      <line num="96" count="24" type="cond" truecount="1" falsecount="4"/>
      <line num="98" count="0" type="cond" truecount="0" falsecount="1"/>
      <line num="99" count="0" type="stmt"/>
      <line num="100" count="0" type="stmt"/>
      <line num="101" count="0" type="stmt"/>
      <line num="102" count="0" type="stmt"/>
      <line num="104" count="0" type="stmt"/>
      <line num="111" count="24" type="cond" truecount="4" falsecount="0"/>
      <line num="113" count="23" type="cond" truecount="1" falsecount="0"/>
      <line num="114" count="17" type="stmt"/>
      <line num="115" count="17" type="stmt"/>
      <line num="119" count="23" type="stmt"/>
      <line num="120" count="23" type="stmt"/>
      <line num="123" count="1" type="stmt"/>
      <line num="128" count="7" type="cond" truecount="1" falsecount="0"/>
      <line num="129" count="6" type="stmt"/>
      <line num="132" count="7" type="stmt"/>
      <line num="138" count="23" type="stmt"/>
      <line num="141" count="23" type="stmt"/>
      <line num="144" count="23" type="stmt"/>
      <line num="147" count="23" type="cond" truecount="1" falsecount="1"/>
      <line num="150" count="23" type="stmt"/>
      <line num="153" count="23" type="stmt"/>
      <line num="156" count="23" type="stmt"/>
      <line num="159" count="23" type="stmt"/>
      <line num="186" count="3" type="stmt"/>
      <line num="191" count="4" type="stmt"/>
      <line num="192" count="4" type="stmt"/>
      <line num="193" count="4" type="stmt"/>
      <line num="194" count="4" type="stmt"/>
      <line num="195" count="4" type="stmt"/>
      <line num="197" count="4" type="cond" truecount="0" falsecount="1"/>
      <line num="198" count="0" type="stmt"/>
      <line num="201" count="4" type="stmt"/>
      <line num="203" count="4" type="stmt"/>
      <line num="204" count="2" type="stmt"/>
      <line num="207" count="2" type="stmt"/>
      <line num="208" count="1" type="stmt"/>
      <line num="211" count="1" type="cond" truecount="1" falsecount="1"/>
      <line num="212" count="1" type="stmt"/>
    </file>
    <file name="sessions.ts" path="/Users/alex/Repositories/github.com/ethcluj/conf-app/backend/src/sessions.ts">
      <metrics statements="37" coveredstatements="35" conditionals="9" coveredconditionals="7" methods="3" coveredmethods="3"/>
      <line num="2" count="4" type="stmt"/>
      <line num="34" count="4" type="stmt"/>
      <line num="35" count="4" type="stmt"/>
      <line num="36" count="4" type="stmt"/>
      <line num="37" count="4" type="stmt"/>
      <line num="39" count="4" type="stmt"/>
      <line num="55" count="28" type="stmt"/>
      <line num="56" count="28" type="stmt"/>
      <line num="57" count="28" type="stmt"/>
      <line num="58" count="28" type="stmt"/>
      <line num="59" count="28" type="stmt"/>
      <line num="60" count="28" type="cond" truecount="4" falsecount="0"/>
      <line num="62" count="16" type="stmt"/>
      <line num="63" count="16" type="stmt"/>
      <line num="65" count="6" type="stmt"/>
      <line num="66" count="6" type="stmt"/>
      <line num="68" count="5" type="stmt"/>
      <line num="69" count="5" type="stmt"/>
      <line num="71" count="1" type="stmt"/>
      <line num="72" count="1" type="stmt"/>
      <line num="74" count="28" type="stmt"/>
      <line num="93" count="4" type="stmt"/>
      <line num="96" count="4" type="cond" truecount="1" falsecount="1"/>
      <line num="97" count="4" type="cond" truecount="1" falsecount="1"/>
      <line num="98" count="4" type="stmt"/>
      <line num="104" count="2" type="stmt"/>
      <line num="106" count="2" type="stmt"/>
      <line num="112" count="1" type="stmt"/>
      <line num="114" count="1" type="stmt"/>
      <line num="116" count="1" type="stmt"/>
      <line num="121" count="4" type="stmt"/>
      <line num="124" count="4" type="stmt"/>
      <line num="125" count="2" type="stmt"/>
      <line num="126" count="2" type="stmt"/>
      <line num="127" count="2" type="stmt"/>
      <line num="129" count="0" type="stmt"/>
      <line num="130" count="0" type="stmt"/>
    </file>
    <file name="sheet-parser.ts" path="/Users/alex/Repositories/github.com/ethcluj/conf-app/backend/src/sheet-parser.ts">
      <metrics statements="24" coveredstatements="24" conditionals="12" coveredconditionals="11" methods="6" coveredmethods="6"/>
      <line num="19" count="4" type="stmt"/>
      <line num="27" count="4" type="stmt"/>
      <line num="40" count="4" type="stmt"/>
      <line num="41" count="28" type="cond" truecount="1" falsecount="0"/>
      <line num="43" count="23" type="stmt"/>
      <line num="45" count="16" type="cond" truecount="0" falsecount="1"/>
      <line num="47" count="16" type="cond" truecount="1" falsecount="0"/>
      <line num="48" count="10" type="stmt"/>
      <line num="55" count="13" type="stmt"/>
      <line num="62" count="4" type="stmt"/>
      <line num="63" count="28" type="cond" truecount="4" falsecount="0"/>
      <line num="64" count="6" type="stmt"/>
      <line num="65" count="5" type="stmt"/>
      <line num="66" count="5" type="stmt"/>
      <line num="67" count="12" type="stmt"/>
      <line num="72" count="4" type="stmt"/>
      <line num="73" count="5" type="cond" truecount="5" falsecount="0"/>
      <line num="74" count="1" type="stmt"/>
      <line num="75" count="1" type="stmt"/>
      <line num="76" count="1" type="stmt"/>
      <line num="77" count="1" type="stmt"/>
      <line num="78" count="1" type="stmt"/>
      <line num="83" count="4" type="stmt"/>
      <line num="84" count="27" type="stmt"/>
    </file>
    <file name="speakers.ts" path="/Users/alex/Repositories/github.com/ethcluj/conf-app/backend/src/speakers.ts">
      <metrics statements="44" coveredstatements="44" conditionals="11" coveredconditionals="10" methods="7" coveredmethods="7"/>
      <line num="1" count="2" type="stmt"/>
      <line num="14" count="2" type="stmt"/>
      <line num="16" count="2" type="stmt"/>
      <line num="20" count="15" type="stmt"/>
      <line num="21" count="15" type="stmt"/>
      <line num="22" count="15" type="stmt"/>
      <line num="23" count="15" type="stmt"/>
      <line num="24" count="1180" type="stmt"/>
      <line num="25" count="1180" type="cond" truecount="2" falsecount="0"/>
      <line num="26" count="168" type="stmt"/>
      <line num="27" count="1012" type="cond" truecount="4" falsecount="0"/>
      <line num="28" count="70" type="stmt"/>
      <line num="29" count="70" type="stmt"/>
      <line num="31" count="942" type="stmt"/>
      <line num="34" count="15" type="stmt"/>
      <line num="35" count="15" type="stmt"/>
      <line num="40" count="7" type="stmt"/>
      <line num="41" count="7" type="stmt"/>
      <line num="42" count="7" type="stmt"/>
      <line num="43" count="6" type="cond" truecount="1" falsecount="0"/>
      <line num="44" count="1" type="stmt"/>
      <line num="45" count="1" type="stmt"/>
      <line num="47" count="18" type="stmt"/>
      <line num="48" count="5" type="stmt"/>
      <line num="53" count="6" type="cond" truecount="1" falsecount="0"/>
      <line num="54" count="4" type="stmt"/>
      <line num="55" count="4" type="stmt"/>
      <line num="56" count="10" type="stmt"/>
      <line num="57" count="10" type="stmt"/>
      <line num="58" count="10" type="stmt"/>
      <line num="59" count="10" type="stmt"/>
      <line num="68" count="10" type="stmt"/>
      <line num="72" count="2" type="stmt"/>
      <line num="73" count="8" type="stmt"/>
      <line num="74" count="8" type="cond" truecount="1" falsecount="1"/>
      <line num="75" count="8" type="cond" truecount="1" falsecount="0"/>
      <line num="76" count="1" type="stmt"/>
      <line num="77" count="1" type="stmt"/>
      <line num="79" count="7" type="stmt"/>
      <line num="80" count="7" type="stmt"/>
      <line num="81" count="6" type="stmt"/>
      <line num="82" count="6" type="stmt"/>
      <line num="84" count="1" type="stmt"/>
      <line num="85" count="1" type="stmt"/>
    </file>
  </project>
</coverage>
