{"/Users/alex/Repositories/github.com/ethcluj/conf-app/backend/src/direct-sheets-fetch.ts": {"path":"/Users/alex/Repositories/github.com/ethcluj/conf-app/backend/src/direct-sheets-fetch.ts","statementMap":{"0":{"start":{"line":8,"column":0},"end":{"line":8,"column":7}},"1":{"start":{"line":1,"column":0},"end":{"line":1,"column":26}},"2":{"start":{"line":12,"column":2},"end":{"line":12,"column":53}},"3":{"start":{"line":13,"column":2},"end":{"line":13,"column":50}},"4":{"start":{"line":14,"column":2},"end":{"line":14,"column":42}},"5":{"start":{"line":15,"column":2},"end":{"line":15,"column":69}},"6":{"start":{"line":16,"column":2},"end":{"line":16,"column":73}},"7":{"start":{"line":17,"column":2},"end":{"line":109,"column":3}},"8":{"start":{"line":19,"column":22},"end":{"line":19,"column":42}},"9":{"start":{"line":21,"column":16},"end":{"line":21,"column":148}},"10":{"start":{"line":23,"column":21},"end":{"line":23,"column":41}},"11":{"start":{"line":25,"column":4},"end":{"line":28,"column":5}},"12":{"start":{"line":26,"column":6},"end":{"line":26,"column":66}},"13":{"start":{"line":27,"column":6},"end":{"line":27,"column":16}},"14":{"start":{"line":31,"column":20},"end":{"line":31,"column":33}},"15":{"start":{"line":34,"column":17},"end":{"line":34,"column":36}},"16":{"start":{"line":36,"column":4},"end":{"line":36,"column":107}},"17":{"start":{"line":38,"column":4},"end":{"line":41,"column":5}},"18":{"start":{"line":39,"column":6},"end":{"line":39,"column":52}},"19":{"start":{"line":40,"column":6},"end":{"line":40,"column":16}},"20":{"start":{"line":45,"column":19},"end":{"line":94,"column":6}},"21":{"start":{"line":46,"column":6},"end":{"line":93,"column":7}},"22":{"start":{"line":48,"column":24},"end":{"line":48,"column":40}},"23":{"start":{"line":51,"column":8},"end":{"line":53,"column":9}},"24":{"start":{"line":52,"column":10},"end":{"line":52,"column":27}},"25":{"start":{"line":56,"column":29},"end":{"line":63,"column":10}},"26":{"start":{"line":57,"column":22},"end":{"line":57,"column":32}},"27":{"start":{"line":59,"column":10},"end":{"line":61,"column":11}},"28":{"start":{"line":60,"column":12},"end":{"line":60,"column":57}},"29":{"start":{"line":62,"column":10},"end":{"line":62,"column":23}},"30":{"start":{"line":67,"column":8},"end":{"line":77,"column":10}},"31":{"start":{"line":79,"column":8},"end":{"line":79,"column":64}},"32":{"start":{"line":80,"column":8},"end":{"line":80,"column":43}},"33":{"start":{"line":82,"column":8},"end":{"line":92,"column":10}},"34":{"start":{"line":97,"column":27},"end":{"line":99,"column":6}},"35":{"start":{"line":98,"column":6},"end":{"line":98,"column":25}},"36":{"start":{"line":102,"column":30},"end":{"line":102,"column":123}},"37":{"start":{"line":102,"column":77},"end":{"line":102,"column":122}},"38":{"start":{"line":103,"column":4},"end":{"line":103,"column":102}},"39":{"start":{"line":105,"column":4},"end":{"line":105,"column":26}},"40":{"start":{"line":107,"column":4},"end":{"line":107,"column":77}},"41":{"start":{"line":108,"column":4},"end":{"line":108,"column":14}},"42":{"start":{"line":116,"column":27},"end":{"line":116,"column":29}},"43":{"start":{"line":117,"column":16},"end":{"line":117,"column":18}},"44":{"start":{"line":118,"column":17},"end":{"line":118,"column":22}},"45":{"start":{"line":120,"column":2},"end":{"line":134,"column":3}},"46":{"start":{"line":120,"column":15},"end":{"line":120,"column":16}},"47":{"start":{"line":121,"column":17},"end":{"line":121,"column":23}},"48":{"start":{"line":123,"column":4},"end":{"line":133,"column":5}},"49":{"start":{"line":125,"column":6},"end":{"line":125,"column":27}},"50":{"start":{"line":126,"column":11},"end":{"line":133,"column":5}},"51":{"start":{"line":128,"column":6},"end":{"line":128,"column":27}},"52":{"start":{"line":129,"column":6},"end":{"line":129,"column":19}},"53":{"start":{"line":132,"column":6},"end":{"line":132,"column":22}},"54":{"start":{"line":137,"column":2},"end":{"line":137,"column":23}},"55":{"start":{"line":139,"column":2},"end":{"line":139,"column":16}}},"fnMap":{"0":{"name":"fetchPublicGoogleSheet","decl":{"start":{"line":8,"column":22},"end":{"line":8,"column":44}},"loc":{"start":{"line":10,"column":80},"end":{"line":110,"column":1}}},"1":{"name":"(anonymous_2)","decl":{"start":{"line":45,"column":37},"end":{"line":45,"column":38}},"loc":{"start":{"line":45,"column":68},"end":{"line":94,"column":5}}},"2":{"name":"(anonymous_3)","decl":{"start":{"line":56,"column":41},"end":{"line":56,"column":44}},"loc":{"start":{"line":56,"column":47},"end":{"line":63,"column":9}}},"3":{"name":"(anonymous_4)","decl":{"start":{"line":97,"column":41},"end":{"line":97,"column":42}},"loc":{"start":{"line":97,"column":65},"end":{"line":99,"column":5}}},"4":{"name":"(anonymous_5)","decl":{"start":{"line":102,"column":52},"end":{"line":102,"column":53}},"loc":{"start":{"line":102,"column":77},"end":{"line":102,"column":122}}},"5":{"name":"parseCSVRow","decl":{"start":{"line":115,"column":9},"end":{"line":115,"column":20}},"loc":{"start":{"line":115,"column":32},"end":{"line":140,"column":1}}}},"branchMap":{"0":{"loc":{"start":{"line":9,"column":2},"end":{"line":9,"column":59}},"type":"default-arg","locations":[{"start":{"line":9,"column":26},"end":{"line":9,"column":59}}]},"1":{"loc":{"start":{"line":9,"column":26},"end":{"line":9,"column":59}},"type":"binary-expr","locations":[{"start":{"line":9,"column":26},"end":{"line":9,"column":53}},{"start":{"line":9,"column":57},"end":{"line":9,"column":59}}]},"2":{"loc":{"start":{"line":10,"column":2},"end":{"line":10,"column":80}},"type":"default-arg","locations":[{"start":{"line":10,"column":22},"end":{"line":10,"column":80}}]},"3":{"loc":{"start":{"line":10,"column":22},"end":{"line":10,"column":80}},"type":"binary-expr","locations":[{"start":{"line":10,"column":22},"end":{"line":10,"column":51}},{"start":{"line":10,"column":55},"end":{"line":10,"column":80}}]},"4":{"loc":{"start":{"line":25,"column":4},"end":{"line":28,"column":5}},"type":"if","locations":[{"start":{"line":25,"column":4},"end":{"line":28,"column":5}}]},"5":{"loc":{"start":{"line":38,"column":4},"end":{"line":41,"column":5}},"type":"if","locations":[{"start":{"line":38,"column":4},"end":{"line":41,"column":5}}]},"6":{"loc":{"start":{"line":59,"column":10},"end":{"line":61,"column":11}},"type":"if","locations":[{"start":{"line":59,"column":10},"end":{"line":61,"column":11}}]},"7":{"loc":{"start":{"line":59,"column":14},"end":{"line":59,"column":58}},"type":"binary-expr","locations":[{"start":{"line":59,"column":14},"end":{"line":59,"column":35}},{"start":{"line":59,"column":39},"end":{"line":59,"column":58}}]},"8":{"loc":{"start":{"line":68,"column":20},"end":{"line":68,"column":41}},"type":"binary-expr","locations":[{"start":{"line":68,"column":20},"end":{"line":68,"column":35}},{"start":{"line":68,"column":39},"end":{"line":68,"column":41}}]},"9":{"loc":{"start":{"line":69,"column":19},"end":{"line":69,"column":85}},"type":"binary-expr","locations":[{"start":{"line":69,"column":19},"end":{"line":69,"column":34}},{"start":{"line":69,"column":38},"end":{"line":69,"column":85}}]},"10":{"loc":{"start":{"line":70,"column":17},"end":{"line":70,"column":38}},"type":"binary-expr","locations":[{"start":{"line":70,"column":17},"end":{"line":70,"column":32}},{"start":{"line":70,"column":36},"end":{"line":70,"column":38}}]},"11":{"loc":{"start":{"line":71,"column":17},"end":{"line":71,"column":38}},"type":"binary-expr","locations":[{"start":{"line":71,"column":17},"end":{"line":71,"column":32}},{"start":{"line":71,"column":36},"end":{"line":71,"column":38}}]},"12":{"loc":{"start":{"line":72,"column":20},"end":{"line":72,"column":41}},"type":"binary-expr","locations":[{"start":{"line":72,"column":20},"end":{"line":72,"column":35}},{"start":{"line":72,"column":39},"end":{"line":72,"column":41}}]},"13":{"loc":{"start":{"line":73,"column":23},"end":{"line":73,"column":44}},"type":"binary-expr","locations":[{"start":{"line":73,"column":23},"end":{"line":73,"column":38}},{"start":{"line":73,"column":42},"end":{"line":73,"column":44}}]},"14":{"loc":{"start":{"line":74,"column":16},"end":{"line":74,"column":37}},"type":"binary-expr","locations":[{"start":{"line":74,"column":16},"end":{"line":74,"column":31}},{"start":{"line":74,"column":35},"end":{"line":74,"column":37}}]},"15":{"loc":{"start":{"line":75,"column":17},"end":{"line":75,"column":38}},"type":"binary-expr","locations":[{"start":{"line":75,"column":17},"end":{"line":75,"column":32}},{"start":{"line":75,"column":36},"end":{"line":75,"column":38}}]},"16":{"loc":{"start":{"line":76,"column":17},"end":{"line":76,"column":38}},"type":"binary-expr","locations":[{"start":{"line":76,"column":17},"end":{"line":76,"column":32}},{"start":{"line":76,"column":36},"end":{"line":76,"column":38}}]},"17":{"loc":{"start":{"line":102,"column":77},"end":{"line":102,"column":122}},"type":"binary-expr","locations":[{"start":{"line":102,"column":77},"end":{"line":102,"column":86}},{"start":{"line":102,"column":90},"end":{"line":102,"column":122}}]},"18":{"loc":{"start":{"line":123,"column":4},"end":{"line":133,"column":5}},"type":"if","locations":[{"start":{"line":123,"column":4},"end":{"line":133,"column":5}},{"start":{"line":126,"column":11},"end":{"line":133,"column":5}}]},"19":{"loc":{"start":{"line":126,"column":11},"end":{"line":133,"column":5}},"type":"if","locations":[{"start":{"line":126,"column":11},"end":{"line":133,"column":5}},{"start":{"line":130,"column":11},"end":{"line":133,"column":5}}]},"20":{"loc":{"start":{"line":126,"column":15},"end":{"line":126,"column":40}},"type":"binary-expr","locations":[{"start":{"line":126,"column":15},"end":{"line":126,"column":27}},{"start":{"line":126,"column":31},"end":{"line":126,"column":40}}]}},"s":{"0":4,"1":4,"2":7,"3":7,"4":7,"5":7,"6":7,"7":7,"8":7,"9":7,"10":7,"11":6,"12":1,"13":1,"14":5,"15":5,"16":5,"17":5,"18":0,"19":0,"20":5,"21":15,"22":15,"23":15,"24":16,"25":15,"26":135,"27":135,"28":0,"29":135,"30":15,"31":0,"32":0,"33":0,"34":5,"35":15,"36":5,"37":11,"38":5,"39":5,"40":1,"41":1,"42":15,"43":15,"44":15,"45":15,"46":15,"47":1316,"48":1316,"49":237,"50":1079,"51":104,"52":104,"53":975,"54":15,"55":15},"f":{"0":7,"1":15,"2":135,"3":15,"4":11,"5":15},"b":{"0":[1],"1":[1,0],"2":[1],"3":[1,0],"4":[1],"5":[0],"6":[0],"7":[135,0],"8":[15,1],"9":[15,13],"10":[15,2],"11":[15,2],"12":[15,7],"13":[15,2],"14":[15,2],"15":[15,2],"16":[15,15],"17":[11,11],"18":[237,1079],"19":[104,975],"20":[1079,107]}}
,"/Users/alex/Repositories/github.com/ethcluj/conf-app/backend/src/google-sheets.ts": {"path":"/Users/alex/Repositories/github.com/ethcluj/conf-app/backend/src/google-sheets.ts","statementMap":{"0":{"start":{"line":16,"column":0},"end":{"line":16,"column":7}},"1":{"start":{"line":72,"column":0},"end":{"line":72,"column":16}},"2":{"start":{"line":1,"column":0},"end":{"line":1,"column":47}},"3":{"start":{"line":17,"column":2},"end":{"line":64,"column":3}},"4":{"start":{"line":19,"column":19},"end":{"line":22,"column":6}},"5":{"start":{"line":25,"column":21},"end":{"line":28,"column":6}},"6":{"start":{"line":30,"column":17},"end":{"line":30,"column":37}},"7":{"start":{"line":32,"column":4},"end":{"line":35,"column":5}},"8":{"start":{"line":33,"column":6},"end":{"line":33,"column":56}},"9":{"start":{"line":34,"column":6},"end":{"line":34,"column":16}},"10":{"start":{"line":38,"column":4},"end":{"line":38,"column":97}},"11":{"start":{"line":40,"column":4},"end":{"line":60,"column":52}},"12":{"start":{"line":43,"column":26},"end":{"line":43,"column":34}},"13":{"start":{"line":44,"column":8},"end":{"line":46,"column":9}},"14":{"start":{"line":45,"column":10},"end":{"line":45,"column":29}},"15":{"start":{"line":48,"column":8},"end":{"line":58,"column":10}},"16":{"start":{"line":60,"column":39},"end":{"line":60,"column":50}},"17":{"start":{"line":62,"column":4},"end":{"line":62,"column":75}},"18":{"start":{"line":63,"column":4},"end":{"line":63,"column":16}},"19":{"start":{"line":73,"column":2},"end":{"line":80,"column":4}}},"fnMap":{"0":{"name":"fetchFromGoogleSheet","decl":{"start":{"line":16,"column":22},"end":{"line":16,"column":42}},"loc":{"start":{"line":16,"column":69},"end":{"line":65,"column":1}}},"1":{"name":"(anonymous_1)","decl":{"start":{"line":41,"column":11},"end":{"line":41,"column":12}},"loc":{"start":{"line":41,"column":24},"end":{"line":59,"column":7}}},"2":{"name":"(anonymous_2)","decl":{"start":{"line":60,"column":14},"end":{"line":60,"column":15}},"loc":{"start":{"line":60,"column":39},"end":{"line":60,"column":50}}},"3":{"name":"validateGoogleSheetsConfig","decl":{"start":{"line":72,"column":16},"end":{"line":72,"column":42}},"loc":{"start":{"line":72,"column":54},"end":{"line":81,"column":1}}}},"branchMap":{"0":{"loc":{"start":{"line":32,"column":4},"end":{"line":35,"column":5}},"type":"if","locations":[{"start":{"line":32,"column":4},"end":{"line":35,"column":5}}]},"1":{"loc":{"start":{"line":32,"column":8},"end":{"line":32,"column":34}},"type":"binary-expr","locations":[{"start":{"line":32,"column":8},"end":{"line":32,"column":13}},{"start":{"line":32,"column":17},"end":{"line":32,"column":34}}]},"2":{"loc":{"start":{"line":49,"column":20},"end":{"line":49,"column":38}},"type":"binary-expr","locations":[{"start":{"line":49,"column":20},"end":{"line":49,"column":32}},{"start":{"line":49,"column":36},"end":{"line":49,"column":38}}]},"3":{"loc":{"start":{"line":50,"column":19},"end":{"line":50,"column":79}},"type":"binary-expr","locations":[{"start":{"line":50,"column":19},"end":{"line":50,"column":31}},{"start":{"line":50,"column":35},"end":{"line":50,"column":79}}]},"4":{"loc":{"start":{"line":51,"column":17},"end":{"line":51,"column":35}},"type":"binary-expr","locations":[{"start":{"line":51,"column":17},"end":{"line":51,"column":29}},{"start":{"line":51,"column":33},"end":{"line":51,"column":35}}]},"5":{"loc":{"start":{"line":52,"column":17},"end":{"line":52,"column":35}},"type":"binary-expr","locations":[{"start":{"line":52,"column":17},"end":{"line":52,"column":29}},{"start":{"line":52,"column":33},"end":{"line":52,"column":35}}]},"6":{"loc":{"start":{"line":53,"column":20},"end":{"line":53,"column":38}},"type":"binary-expr","locations":[{"start":{"line":53,"column":20},"end":{"line":53,"column":32}},{"start":{"line":53,"column":36},"end":{"line":53,"column":38}}]},"7":{"loc":{"start":{"line":54,"column":23},"end":{"line":54,"column":41}},"type":"binary-expr","locations":[{"start":{"line":54,"column":23},"end":{"line":54,"column":35}},{"start":{"line":54,"column":39},"end":{"line":54,"column":41}}]},"8":{"loc":{"start":{"line":55,"column":16},"end":{"line":55,"column":34}},"type":"binary-expr","locations":[{"start":{"line":55,"column":16},"end":{"line":55,"column":28}},{"start":{"line":55,"column":32},"end":{"line":55,"column":34}}]},"9":{"loc":{"start":{"line":56,"column":17},"end":{"line":56,"column":35}},"type":"binary-expr","locations":[{"start":{"line":56,"column":17},"end":{"line":56,"column":29}},{"start":{"line":56,"column":33},"end":{"line":56,"column":35}}]},"10":{"loc":{"start":{"line":57,"column":17},"end":{"line":57,"column":35}},"type":"binary-expr","locations":[{"start":{"line":57,"column":17},"end":{"line":57,"column":29}},{"start":{"line":57,"column":33},"end":{"line":57,"column":35}}]},"11":{"loc":{"start":{"line":74,"column":4},"end":{"line":79,"column":31}},"type":"binary-expr","locations":[{"start":{"line":74,"column":4},"end":{"line":74,"column":19}},{"start":{"line":75,"column":4},"end":{"line":75,"column":30}},{"start":{"line":76,"column":4},"end":{"line":76,"column":44}},{"start":{"line":77,"column":4},"end":{"line":77,"column":35}},{"start":{"line":78,"column":4},"end":{"line":78,"column":40}},{"start":{"line":79,"column":4},"end":{"line":79,"column":31}}]}},"s":{"0":4,"1":4,"2":4,"3":4,"4":4,"5":4,"6":3,"7":3,"8":1,"9":1,"10":2,"11":2,"12":6,"13":6,"14":0,"15":6,"16":6,"17":1,"18":1,"19":9},"f":{"0":4,"1":6,"2":6,"3":9},"b":{"0":[1],"1":[3,2],"2":[6,0],"3":[6,6],"4":[6,0],"5":[6,0],"6":[6,2],"7":[6,0],"8":[6,0],"9":[6,0],"10":[6,6],"11":[9,8,6,5,4,3]}}
,"/Users/alex/Repositories/github.com/ethcluj/conf-app/backend/src/schedule-manager.ts": {"path":"/Users/alex/Repositories/github.com/ethcluj/conf-app/backend/src/schedule-manager.ts","statementMap":{"0":{"start":{"line":65,"column":0},"end":{"line":65,"column":16}},"1":{"start":{"line":186,"column":0},"end":{"line":186,"column":7}},"2":{"start":{"line":1,"column":0},"end":{"line":1,"column":null}},"3":{"start":{"line":9,"column":0},"end":{"line":9,"column":83}},"4":{"start":{"line":10,"column":0},"end":{"line":10,"column":63}},"5":{"start":{"line":11,"column":0},"end":{"line":11,"column":80}},"6":{"start":{"line":14,"column":22},"end":{"line":14,"column":24}},"7":{"start":{"line":18,"column":2},"end":{"line":51,"column":3}},"8":{"start":{"line":20,"column":18},"end":{"line":20,"column":37}},"9":{"start":{"line":22,"column":4},"end":{"line":24,"column":5}},"10":{"start":{"line":23,"column":6},"end":{"line":23,"column":63}},"11":{"start":{"line":26,"column":16},"end":{"line":26,"column":34}},"12":{"start":{"line":27,"column":18},"end":{"line":27,"column":26}},"13":{"start":{"line":28,"column":21},"end":{"line":28,"column":44}},"14":{"start":{"line":29,"column":27},"end":{"line":29,"column":58}},"15":{"start":{"line":32,"column":24},"end":{"line":32,"column":48}},"16":{"start":{"line":33,"column":17},"end":{"line":33,"column":65}},"17":{"start":{"line":34,"column":4},"end":{"line":34,"column":30}},"18":{"start":{"line":37,"column":4},"end":{"line":39,"column":5}},"19":{"start":{"line":38,"column":6},"end":{"line":38,"column":64}},"20":{"start":{"line":41,"column":4},"end":{"line":41,"column":39}},"21":{"start":{"line":43,"column":4},"end":{"line":43,"column":65}},"22":{"start":{"line":45,"column":25},"end":{"line":45,"column":35}},"23":{"start":{"line":46,"column":4},"end":{"line":50,"column":6}},"24":{"start":{"line":56,"column":41},"end":{"line":60,"column":4}},"25":{"start":{"line":61,"column":2},"end":{"line":61,"column":28}},"26":{"start":{"line":66,"column":2},"end":{"line":66,"column":75}},"27":{"start":{"line":69,"column":28},"end":{"line":69,"column":96}},"28":{"start":{"line":69,"column":50},"end":{"line":69,"column":95}},"29":{"start":{"line":70,"column":2},"end":{"line":70,"column":75}},"30":{"start":{"line":74,"column":23},"end":{"line":76,"column":4}},"31":{"start":{"line":75,"column":4},"end":{"line":75,"column":23}},"32":{"start":{"line":78,"column":2},"end":{"line":78,"column":58}},"33":{"start":{"line":81,"column":30},"end":{"line":81,"column":32}},"34":{"start":{"line":82,"column":46},"end":{"line":82,"column":50}},"35":{"start":{"line":83,"column":18},"end":{"line":83,"column":19}},"36":{"start":{"line":84,"column":18},"end":{"line":84,"column":19}},"37":{"start":{"line":87,"column":2},"end":{"line":125,"column":3}},"38":{"start":{"line":87,"column":15},"end":{"line":87,"column":16}},"39":{"start":{"line":88,"column":16},"end":{"line":88,"column":31}},"40":{"start":{"line":91,"column":4},"end":{"line":93,"column":5}},"41":{"start":{"line":92,"column":6},"end":{"line":92,"column":52}},"42":{"start":{"line":96,"column":4},"end":{"line":105,"column":5}},"43":{"start":{"line":98,"column":6},"end":{"line":103,"column":7}},"44":{"start":{"line":99,"column":8},"end":{"line":99,"column":93}},"45":{"start":{"line":100,"column":8},"end":{"line":100,"column":20}},"46":{"start":{"line":101,"column":8},"end":{"line":101,"column":30}},"47":{"start":{"line":102,"column":8},"end":{"line":102,"column":22}},"48":{"start":{"line":104,"column":6},"end":{"line":104,"column":15}},"49":{"start":{"line":111,"column":4},"end":{"line":124,"column":5}},"50":{"start":{"line":113,"column":6},"end":{"line":116,"column":7}},"51":{"start":{"line":114,"column":8},"end":{"line":114,"column":93}},"52":{"start":{"line":115,"column":8},"end":{"line":115,"column":20}},"53":{"start":{"line":119,"column":6},"end":{"line":119,"column":27}},"54":{"start":{"line":120,"column":6},"end":{"line":120,"column":20}},"55":{"start":{"line":123,"column":6},"end":{"line":123,"column":18}},"56":{"start":{"line":128,"column":2},"end":{"line":130,"column":3}},"57":{"start":{"line":129,"column":4},"end":{"line":129,"column":89}},"58":{"start":{"line":132,"column":2},"end":{"line":132,"column":18}},"59":{"start":{"line":138,"column":32},"end":{"line":138,"column":59}},"60":{"start":{"line":141,"column":26},"end":{"line":141,"column":51}},"61":{"start":{"line":144,"column":16},"end":{"line":144,"column":25}},"62":{"start":{"line":147,"column":30},"end":{"line":147,"column":76}},"63":{"start":{"line":150,"column":19},"end":{"line":150,"column":48}},"64":{"start":{"line":153,"column":16},"end":{"line":153,"column":47}},"65":{"start":{"line":156,"column":21},"end":{"line":156,"column":50}},"66":{"start":{"line":159,"column":2},"end":{"line":174,"column":4}},"67":{"start":{"line":191,"column":2},"end":{"line":191,"column":59}},"68":{"start":{"line":192,"column":2},"end":{"line":192,"column":50}},"69":{"start":{"line":193,"column":2},"end":{"line":193,"column":42}},"70":{"start":{"line":194,"column":2},"end":{"line":213,"column":3}},"71":{"start":{"line":195,"column":19},"end":{"line":195,"column":55}},"72":{"start":{"line":197,"column":4},"end":{"line":199,"column":5}},"73":{"start":{"line":198,"column":6},"end":{"line":198,"column":61}},"74":{"start":{"line":201,"column":4},"end":{"line":209,"column":5}},"75":{"start":{"line":203,"column":22},"end":{"line":203,"column":76}},"76":{"start":{"line":204,"column":6},"end":{"line":204,"column":38}},"77":{"start":{"line":207,"column":22},"end":{"line":207,"column":56}},"78":{"start":{"line":208,"column":6},"end":{"line":208,"column":38}},"79":{"start":{"line":211,"column":4},"end":{"line":211,"column":80}},"80":{"start":{"line":212,"column":4},"end":{"line":212,"column":14}}},"fnMap":{"0":{"name":"parseDateTime","decl":{"start":{"line":17,"column":9},"end":{"line":17,"column":22}},"loc":{"start":{"line":17,"column":39},"end":{"line":52,"column":1}}},"1":{"name":"getMonthIndex","decl":{"start":{"line":55,"column":9},"end":{"line":55,"column":22}},"loc":{"start":{"line":55,"column":36},"end":{"line":62,"column":1}}},"2":{"name":"processSchedule","decl":{"start":{"line":65,"column":16},"end":{"line":65,"column":31}},"loc":{"start":{"line":65,"column":57},"end":{"line":133,"column":1}}},"3":{"name":"(anonymous_3)","decl":{"start":{"line":69,"column":43},"end":{"line":69,"column":46}},"loc":{"start":{"line":69,"column":50},"end":{"line":69,"column":95}}},"4":{"name":"(anonymous_4)","decl":{"start":{"line":74,"column":38},"end":{"line":74,"column":41}},"loc":{"start":{"line":74,"column":44},"end":{"line":76,"column":3}}},"5":{"name":"createSessionFromRow","decl":{"start":{"line":136,"column":9},"end":{"line":136,"column":29}},"loc":{"start":{"line":136,"column":80},"end":{"line":175,"column":1}}},"6":{"name":"getSessionsFromGoogleSheet","decl":{"start":{"line":186,"column":22},"end":{"line":186,"column":48}},"loc":{"start":{"line":189,"column":17},"end":{"line":214,"column":1}}}},"branchMap":{"0":{"loc":{"start":{"line":22,"column":4},"end":{"line":24,"column":5}},"type":"if","locations":[{"start":{"line":22,"column":4},"end":{"line":24,"column":5}}]},"1":{"loc":{"start":{"line":37,"column":4},"end":{"line":39,"column":5}},"type":"if","locations":[{"start":{"line":37,"column":4},"end":{"line":39,"column":5}}]},"2":{"loc":{"start":{"line":61,"column":9},"end":{"line":61,"column":27}},"type":"binary-expr","locations":[{"start":{"line":61,"column":9},"end":{"line":61,"column":22}},{"start":{"line":61,"column":26},"end":{"line":61,"column":27}}]},"3":{"loc":{"start":{"line":69,"column":50},"end":{"line":69,"column":95}},"type":"binary-expr","locations":[{"start":{"line":69,"column":50},"end":{"line":69,"column":59}},{"start":{"line":69,"column":63},"end":{"line":69,"column":95}}]},"4":{"loc":{"start":{"line":91,"column":4},"end":{"line":93,"column":5}},"type":"if","locations":[{"start":{"line":91,"column":4},"end":{"line":93,"column":5}}]},"5":{"loc":{"start":{"line":91,"column":8},"end":{"line":91,"column":53}},"type":"binary-expr","locations":[{"start":{"line":91,"column":8},"end":{"line":91,"column":17}},{"start":{"line":91,"column":21},"end":{"line":91,"column":53}}]},"6":{"loc":{"start":{"line":96,"column":4},"end":{"line":105,"column":5}},"type":"if","locations":[{"start":{"line":96,"column":4},"end":{"line":105,"column":5}}]},"7":{"loc":{"start":{"line":96,"column":8},"end":{"line":96,"column":72}},"type":"binary-expr","locations":[{"start":{"line":96,"column":8},"end":{"line":96,"column":18}},{"start":{"line":96,"column":23},"end":{"line":96,"column":41}},{"start":{"line":96,"column":45},"end":{"line":96,"column":55}},{"start":{"line":96,"column":60},"end":{"line":96,"column":72}}]},"8":{"loc":{"start":{"line":98,"column":6},"end":{"line":103,"column":7}},"type":"if","locations":[{"start":{"line":98,"column":6},"end":{"line":103,"column":7}}]},"9":{"loc":{"start":{"line":111,"column":4},"end":{"line":124,"column":5}},"type":"if","locations":[{"start":{"line":111,"column":4},"end":{"line":124,"column":5}},{"start":{"line":121,"column":11},"end":{"line":124,"column":5}}]},"10":{"loc":{"start":{"line":111,"column":8},"end":{"line":111,"column":61}},"type":"binary-expr","locations":[{"start":{"line":111,"column":8},"end":{"line":111,"column":23}},{"start":{"line":111,"column":27},"end":{"line":111,"column":61}}]},"11":{"loc":{"start":{"line":113,"column":6},"end":{"line":116,"column":7}},"type":"if","locations":[{"start":{"line":113,"column":6},"end":{"line":116,"column":7}}]},"12":{"loc":{"start":{"line":128,"column":2},"end":{"line":130,"column":3}},"type":"if","locations":[{"start":{"line":128,"column":2},"end":{"line":130,"column":3}}]},"13":{"loc":{"start":{"line":147,"column":30},"end":{"line":147,"column":76}},"type":"binary-expr","locations":[{"start":{"line":147,"column":30},"end":{"line":147,"column":58}},{"start":{"line":147,"column":62},"end":{"line":147,"column":76}}]},"14":{"loc":{"start":{"line":187,"column":2},"end":{"line":187,"column":59}},"type":"default-arg","locations":[{"start":{"line":187,"column":26},"end":{"line":187,"column":59}}]},"15":{"loc":{"start":{"line":187,"column":26},"end":{"line":187,"column":59}},"type":"binary-expr","locations":[{"start":{"line":187,"column":26},"end":{"line":187,"column":53}},{"start":{"line":187,"column":57},"end":{"line":187,"column":59}}]},"16":{"loc":{"start":{"line":188,"column":2},"end":{"line":188,"column":80}},"type":"default-arg","locations":[{"start":{"line":188,"column":22},"end":{"line":188,"column":80}}]},"17":{"loc":{"start":{"line":188,"column":22},"end":{"line":188,"column":80}},"type":"binary-expr","locations":[{"start":{"line":188,"column":22},"end":{"line":188,"column":51}},{"start":{"line":188,"column":55},"end":{"line":188,"column":80}}]},"18":{"loc":{"start":{"line":197,"column":4},"end":{"line":199,"column":5}},"type":"if","locations":[{"start":{"line":197,"column":4},"end":{"line":199,"column":5}}]},"19":{"loc":{"start":{"line":211,"column":56},"end":{"line":211,"column":78}},"type":"binary-expr","locations":[{"start":{"line":211,"column":56},"end":{"line":211,"column":69}},{"start":{"line":211,"column":73},"end":{"line":211,"column":78}}]}},"s":{"0":3,"1":3,"2":3,"3":3,"4":3,"5":3,"6":3,"7":23,"8":23,"9":23,"10":0,"11":23,"12":23,"13":23,"14":23,"15":23,"16":23,"17":23,"18":23,"19":0,"20":23,"21":0,"22":0,"23":0,"24":23,"25":23,"26":7,"27":7,"28":29,"29":7,"30":7,"31":29,"32":7,"33":7,"34":7,"35":7,"36":7,"37":7,"38":7,"39":24,"40":24,"41":6,"42":24,"43":0,"44":0,"45":0,"46":0,"47":0,"48":0,"49":24,"50":23,"51":17,"52":17,"53":23,"54":23,"55":1,"56":7,"57":6,"58":7,"59":23,"60":23,"61":23,"62":23,"63":23,"64":23,"65":23,"66":23,"67":4,"68":4,"69":4,"70":4,"71":4,"72":4,"73":0,"74":4,"75":4,"76":2,"77":2,"78":1,"79":1,"80":1},"f":{"0":23,"1":23,"2":7,"3":29,"4":29,"5":23,"6":4},"b":{"0":[0],"1":[0],"2":[23,0],"3":[29,29],"4":[6],"5":[24,24],"6":[0],"7":[24,0,0,0],"8":[0],"9":[23,1],"10":[24,18],"11":[17],"12":[6],"13":[23,0],"14":[1],"15":[1,0],"16":[1],"17":[1,0],"18":[0],"19":[1,0]}}
,"/Users/alex/Repositories/github.com/ethcluj/conf-app/backend/src/sessions.ts": {"path":"/Users/alex/Repositories/github.com/ethcluj/conf-app/backend/src/sessions.ts","statementMap":{"0":{"start":{"line":39,"column":0},"end":{"line":39,"column":16}},"1":{"start":{"line":124,"column":0},"end":{"line":124,"column":7}},"2":{"start":{"line":2,"column":0},"end":{"line":2,"column":64}},"3":{"start":{"line":34,"column":14},"end":{"line":34,"column":24}},"4":{"start":{"line":35,"column":28},"end":{"line":35,"column":43}},"5":{"start":{"line":36,"column":0},"end":{"line":36,"column":null}},"6":{"start":{"line":37,"column":23},"end":{"line":37,"column":152}},"7":{"start":{"line":55,"column":20},"end":{"line":55,"column":33}},"8":{"start":{"line":56,"column":2},"end":{"line":56,"column":null}},"9":{"start":{"line":57,"column":18},"end":{"line":57,"column":37}},"10":{"start":{"line":58,"column":2},"end":{"line":58,"column":null}},"11":{"start":{"line":59,"column":38},"end":{"line":59,"column":45}},"12":{"start":{"line":60,"column":2},"end":{"line":73,"column":3}},"13":{"start":{"line":62,"column":6},"end":{"line":62,"column":null}},"14":{"start":{"line":63,"column":6},"end":{"line":63,"column":11}},"15":{"start":{"line":65,"column":6},"end":{"line":65,"column":null}},"16":{"start":{"line":66,"column":6},"end":{"line":66,"column":11}},"17":{"start":{"line":68,"column":6},"end":{"line":68,"column":null}},"18":{"start":{"line":69,"column":6},"end":{"line":69,"column":11}},"19":{"start":{"line":71,"column":6},"end":{"line":71,"column":null}},"20":{"start":{"line":72,"column":6},"end":{"line":72,"column":11}},"21":{"start":{"line":74,"column":2},"end":{"line":89,"column":null}},"22":{"start":{"line":93,"column":20},"end":{"line":93,"column":34}},"23":{"start":{"line":96,"column":24},"end":{"line":96,"column":101}},"24":{"start":{"line":97,"column":26},"end":{"line":97,"column":64}},"25":{"start":{"line":98,"column":23},"end":{"line":98,"column":49}},"26":{"start":{"line":104,"column":2},"end":{"line":117,"column":3}},"27":{"start":{"line":106,"column":21},"end":{"line":109,"column":null}},"28":{"start":{"line":112,"column":4},"end":{"line":112,"column":20}},"29":{"start":{"line":114,"column":4},"end":{"line":114,"column":56}},"30":{"start":{"line":116,"column":4},"end":{"line":116,"column":14}},"31":{"start":{"line":121,"column":11},"end":{"line":121,"column":39}},"32":{"start":{"line":125,"column":2},"end":{"line":131,"column":3}},"33":{"start":{"line":126,"column":4},"end":{"line":126,"column":41}},"34":{"start":{"line":127,"column":4},"end":{"line":127,"column":23}},"35":{"start":{"line":129,"column":4},"end":{"line":129,"column":58}},"36":{"start":{"line":130,"column":4},"end":{"line":130,"column":16}}},"fnMap":{"0":{"name":"createSession","decl":{"start":{"line":39,"column":16},"end":{"line":39,"column":29}},"loc":{"start":{"line":53,"column":27},"end":{"line":90,"column":1}}},"1":{"name":"getSessionData","decl":{"start":{"line":103,"column":15},"end":{"line":103,"column":29}},"loc":{"start":{"line":103,"column":29},"end":{"line":118,"column":1}}},"2":{"name":"refreshSessions","decl":{"start":{"line":124,"column":22},"end":{"line":124,"column":37}},"loc":{"start":{"line":124,"column":37},"end":{"line":132,"column":1}}}},"branchMap":{"0":{"loc":{"start":{"line":49,"column":2},"end":{"line":49,"column":20}},"type":"default-arg","locations":[{"start":{"line":49,"column":15},"end":{"line":49,"column":20}}]},"1":{"loc":{"start":{"line":60,"column":2},"end":{"line":73,"column":3}},"type":"switch","locations":[{"start":{"line":61,"column":4},"end":{"line":63,"column":11}},{"start":{"line":64,"column":4},"end":{"line":66,"column":11}},{"start":{"line":67,"column":4},"end":{"line":69,"column":11}},{"start":{"line":70,"column":4},"end":{"line":72,"column":11}}]},"2":{"loc":{"start":{"line":96,"column":24},"end":{"line":96,"column":101}},"type":"binary-expr","locations":[{"start":{"line":96,"column":24},"end":{"line":96,"column":51}},{"start":{"line":96,"column":55},"end":{"line":96,"column":101}}]},"3":{"loc":{"start":{"line":97,"column":26},"end":{"line":97,"column":64}},"type":"binary-expr","locations":[{"start":{"line":97,"column":26},"end":{"line":97,"column":55}},{"start":{"line":97,"column":59},"end":{"line":97,"column":64}}]}},"s":{"0":4,"1":4,"2":4,"3":4,"4":4,"5":4,"6":4,"7":28,"8":28,"9":28,"10":28,"11":28,"12":28,"13":16,"14":16,"15":6,"16":6,"17":5,"18":5,"19":1,"20":1,"21":28,"22":4,"23":4,"24":4,"25":4,"26":2,"27":2,"28":1,"29":1,"30":1,"31":4,"32":2,"33":2,"34":2,"35":0,"36":0},"f":{"0":28,"1":2,"2":2},"b":{"0":[4],"1":[16,6,5,1],"2":[4,0],"3":[4,0]}}
,"/Users/alex/Repositories/github.com/ethcluj/conf-app/backend/src/sheet-parser.ts": {"path":"/Users/alex/Repositories/github.com/ethcluj/conf-app/backend/src/sheet-parser.ts","statementMap":{"0":{"start":{"line":40,"column":0},"end":{"line":40,"column":16}},"1":{"start":{"line":62,"column":0},"end":{"line":62,"column":16}},"2":{"start":{"line":72,"column":0},"end":{"line":72,"column":16}},"3":{"start":{"line":83,"column":0},"end":{"line":83,"column":16}},"4":{"start":{"line":19,"column":13},"end":{"line":24,"column":2}},"5":{"start":{"line":27,"column":13},"end":{"line":35,"column":2}},"6":{"start":{"line":41,"column":2},"end":{"line":41,"column":33}},"7":{"start":{"line":41,"column":23},"end":{"line":41,"column":33}},"8":{"start":{"line":43,"column":23},"end":{"line":43,"column":83}},"9":{"start":{"line":43,"column":58},"end":{"line":43,"column":66}},"10":{"start":{"line":45,"column":2},"end":{"line":45,"column":43}},"11":{"start":{"line":45,"column":33},"end":{"line":45,"column":43}},"12":{"start":{"line":47,"column":2},"end":{"line":52,"column":3}},"13":{"start":{"line":48,"column":4},"end":{"line":51,"column":7}},"14":{"start":{"line":55,"column":2},"end":{"line":58,"column":6}},"15":{"start":{"line":55,"column":35},"end":{"line":58,"column":4}},"16":{"start":{"line":63,"column":2},"end":{"line":68,"column":3}},"17":{"start":{"line":64,"column":20},"end":{"line":64,"column":29}},"18":{"start":{"line":65,"column":18},"end":{"line":65,"column":27}},"19":{"start":{"line":66,"column":21},"end":{"line":66,"column":30}},"20":{"start":{"line":67,"column":13},"end":{"line":67,"column":22}},"21":{"start":{"line":73,"column":2},"end":{"line":79,"column":3}},"22":{"start":{"line":74,"column":25},"end":{"line":74,"column":40}},"23":{"start":{"line":75,"column":21},"end":{"line":75,"column":35}},"24":{"start":{"line":76,"column":25},"end":{"line":76,"column":41}},"25":{"start":{"line":77,"column":21},"end":{"line":77,"column":34}},"26":{"start":{"line":78,"column":13},"end":{"line":78,"column":28}},"27":{"start":{"line":84,"column":2},"end":{"line":84,"column":29}}},"fnMap":{"0":{"name":"processSpeakers","decl":{"start":{"line":40,"column":16},"end":{"line":40,"column":31}},"loc":{"start":{"line":40,"column":54},"end":{"line":59,"column":1}}},"1":{"name":"(anonymous_1)","decl":{"start":{"line":43,"column":53},"end":{"line":43,"column":54}},"loc":{"start":{"line":43,"column":58},"end":{"line":43,"column":66}}},"2":{"name":"(anonymous_2)","decl":{"start":{"line":55,"column":26},"end":{"line":55,"column":30}},"loc":{"start":{"line":55,"column":35},"end":{"line":58,"column":4}}},"3":{"name":"mapTypeToDifficulty","decl":{"start":{"line":62,"column":16},"end":{"line":62,"column":35}},"loc":{"start":{"line":62,"column":48},"end":{"line":69,"column":1}}},"4":{"name":"getLevelColor","decl":{"start":{"line":72,"column":16},"end":{"line":72,"column":29}},"loc":{"start":{"line":72,"column":49},"end":{"line":80,"column":1}}},"5":{"name":"validateSessionTrack","decl":{"start":{"line":83,"column":16},"end":{"line":83,"column":36}},"loc":{"start":{"line":83,"column":50},"end":{"line":85,"column":1}}}},"branchMap":{"0":{"loc":{"start":{"line":41,"column":2},"end":{"line":41,"column":33}},"type":"if","locations":[{"start":{"line":41,"column":2},"end":{"line":41,"column":33}}]},"1":{"loc":{"start":{"line":45,"column":2},"end":{"line":45,"column":43}},"type":"if","locations":[{"start":{"line":45,"column":2},"end":{"line":45,"column":43}}]},"2":{"loc":{"start":{"line":47,"column":2},"end":{"line":52,"column":3}},"type":"if","locations":[{"start":{"line":47,"column":2},"end":{"line":52,"column":3}}]},"3":{"loc":{"start":{"line":63,"column":2},"end":{"line":68,"column":3}},"type":"switch","locations":[{"start":{"line":64,"column":4},"end":{"line":64,"column":29}},{"start":{"line":65,"column":4},"end":{"line":65,"column":27}},{"start":{"line":66,"column":4},"end":{"line":66,"column":30}},{"start":{"line":67,"column":4},"end":{"line":67,"column":22}}]},"4":{"loc":{"start":{"line":73,"column":2},"end":{"line":79,"column":3}},"type":"switch","locations":[{"start":{"line":74,"column":4},"end":{"line":74,"column":40}},{"start":{"line":75,"column":4},"end":{"line":75,"column":35}},{"start":{"line":76,"column":4},"end":{"line":76,"column":41}},{"start":{"line":77,"column":4},"end":{"line":77,"column":34}},{"start":{"line":78,"column":4},"end":{"line":78,"column":28}}]}},"s":{"0":4,"1":4,"2":4,"3":4,"4":4,"5":4,"6":28,"7":12,"8":16,"9":23,"10":16,"11":0,"12":16,"13":10,"14":6,"15":13,"16":28,"17":6,"18":5,"19":5,"20":12,"21":5,"22":1,"23":1,"24":1,"25":1,"26":1,"27":27},"f":{"0":28,"1":23,"2":13,"3":28,"4":5,"5":27},"b":{"0":[12],"1":[0],"2":[10],"3":[6,5,5,12],"4":[1,1,1,1,1]}}
,"/Users/alex/Repositories/github.com/ethcluj/conf-app/backend/src/speakers.ts": {"path":"/Users/alex/Repositories/github.com/ethcluj/conf-app/backend/src/speakers.ts","statementMap":{"0":{"start":{"line":72,"column":0},"end":{"line":72,"column":7}},"1":{"start":{"line":1,"column":0},"end":{"line":1,"column":26}},"2":{"start":{"line":14,"column":11},"end":{"line":14,"column":46}},"3":{"start":{"line":16,"column":25},"end":{"line":16,"column":26}},"4":{"start":{"line":20,"column":27},"end":{"line":20,"column":29}},"5":{"start":{"line":21,"column":16},"end":{"line":21,"column":18}},"6":{"start":{"line":22,"column":17},"end":{"line":22,"column":22}},"7":{"start":{"line":23,"column":2},"end":{"line":33,"column":3}},"8":{"start":{"line":23,"column":15},"end":{"line":23,"column":16}},"9":{"start":{"line":24,"column":17},"end":{"line":24,"column":23}},"10":{"start":{"line":25,"column":4},"end":{"line":32,"column":5}},"11":{"start":{"line":26,"column":6},"end":{"line":26,"column":27}},"12":{"start":{"line":27,"column":11},"end":{"line":32,"column":5}},"13":{"start":{"line":28,"column":6},"end":{"line":28,"column":27}},"14":{"start":{"line":29,"column":6},"end":{"line":29,"column":19}},"15":{"start":{"line":31,"column":6},"end":{"line":31,"column":22}},"16":{"start":{"line":34,"column":2},"end":{"line":34,"column":23}},"17":{"start":{"line":35,"column":2},"end":{"line":35,"column":16}},"18":{"start":{"line":40,"column":20},"end":{"line":40,"column":40}},"19":{"start":{"line":41,"column":14},"end":{"line":41,"column":146}},"20":{"start":{"line":42,"column":19},"end":{"line":42,"column":39}},"21":{"start":{"line":43,"column":2},"end":{"line":46,"column":3}},"22":{"start":{"line":44,"column":4},"end":{"line":44,"column":73}},"23":{"start":{"line":45,"column":4},"end":{"line":45,"column":14}},"24":{"start":{"line":47,"column":17},"end":{"line":47,"column":84}},"25":{"start":{"line":47,"column":72},"end":{"line":47,"column":83}},"26":{"start":{"line":48,"column":2},"end":{"line":48,"column":32}},"27":{"start":{"line":53,"column":2},"end":{"line":53,"column":34}},"28":{"start":{"line":53,"column":24},"end":{"line":53,"column":34}},"29":{"start":{"line":54,"column":19},"end":{"line":54,"column":32}},"30":{"start":{"line":55,"column":19},"end":{"line":67,"column":4}},"31":{"start":{"line":56,"column":18},"end":{"line":56,"column":26}},"32":{"start":{"line":57,"column":4},"end":{"line":57,"column":59}},"33":{"start":{"line":57,"column":44},"end":{"line":57,"column":59}},"34":{"start":{"line":58,"column":56},"end":{"line":58,"column":61}},"35":{"start":{"line":59,"column":4},"end":{"line":66,"column":6}},"36":{"start":{"line":68,"column":2},"end":{"line":68,"column":41}},"37":{"start":{"line":68,"column":30},"end":{"line":68,"column":39}},"38":{"start":{"line":73,"column":24},"end":{"line":73,"column":51}},"39":{"start":{"line":74,"column":20},"end":{"line":74,"column":72}},"40":{"start":{"line":75,"column":2},"end":{"line":78,"column":3}},"41":{"start":{"line":76,"column":4},"end":{"line":76,"column":48}},"42":{"start":{"line":77,"column":4},"end":{"line":77,"column":14}},"43":{"start":{"line":79,"column":2},"end":{"line":86,"column":3}},"44":{"start":{"line":80,"column":17},"end":{"line":80,"column":72}},"45":{"start":{"line":81,"column":4},"end":{"line":81,"column":62}},"46":{"start":{"line":82,"column":4},"end":{"line":82,"column":23}},"47":{"start":{"line":84,"column":4},"end":{"line":84,"column":55}},"48":{"start":{"line":85,"column":4},"end":{"line":85,"column":14}}},"fnMap":{"0":{"name":"parseCSVRow","decl":{"start":{"line":19,"column":9},"end":{"line":19,"column":20}},"loc":{"start":{"line":19,"column":32},"end":{"line":36,"column":1}}},"1":{"name":"fetchPublicSheetDataCSV","decl":{"start":{"line":39,"column":15},"end":{"line":39,"column":38}},"loc":{"start":{"line":39,"column":79},"end":{"line":49,"column":1}}},"2":{"name":"(anonymous_3)","decl":{"start":{"line":47,"column":64},"end":{"line":47,"column":68}},"loc":{"start":{"line":47,"column":72},"end":{"line":47,"column":83}}},"3":{"name":"mapAndFilterSheetDataToSpeakerDetails","decl":{"start":{"line":52,"column":9},"end":{"line":52,"column":46}},"loc":{"start":{"line":52,"column":63},"end":{"line":69,"column":1}}},"4":{"name":"(anonymous_5)","decl":{"start":{"line":55,"column":32},"end":{"line":55,"column":35}},"loc":{"start":{"line":55,"column":38},"end":{"line":67,"column":3}}},"5":{"name":"(anonymous_6)","decl":{"start":{"line":68,"column":25},"end":{"line":68,"column":26}},"loc":{"start":{"line":68,"column":30},"end":{"line":68,"column":39}}},"6":{"name":"refreshSpeakers","decl":{"start":{"line":72,"column":22},"end":{"line":72,"column":37}},"loc":{"start":{"line":72,"column":37},"end":{"line":87,"column":1}}}},"branchMap":{"0":{"loc":{"start":{"line":25,"column":4},"end":{"line":32,"column":5}},"type":"if","locations":[{"start":{"line":25,"column":4},"end":{"line":32,"column":5}},{"start":{"line":27,"column":11},"end":{"line":32,"column":5}}]},"1":{"loc":{"start":{"line":27,"column":11},"end":{"line":32,"column":5}},"type":"if","locations":[{"start":{"line":27,"column":11},"end":{"line":32,"column":5}},{"start":{"line":30,"column":11},"end":{"line":32,"column":5}}]},"2":{"loc":{"start":{"line":27,"column":15},"end":{"line":27,"column":40}},"type":"binary-expr","locations":[{"start":{"line":27,"column":15},"end":{"line":27,"column":27}},{"start":{"line":27,"column":31},"end":{"line":27,"column":40}}]},"3":{"loc":{"start":{"line":43,"column":2},"end":{"line":46,"column":3}},"type":"if","locations":[{"start":{"line":43,"column":2},"end":{"line":46,"column":3}}]},"4":{"loc":{"start":{"line":53,"column":2},"end":{"line":53,"column":34}},"type":"if","locations":[{"start":{"line":53,"column":2},"end":{"line":53,"column":34}}]},"5":{"loc":{"start":{"line":74,"column":20},"end":{"line":74,"column":72}},"type":"binary-expr","locations":[{"start":{"line":74,"column":20},"end":{"line":74,"column":58}},{"start":{"line":74,"column":62},"end":{"line":74,"column":72}}]},"6":{"loc":{"start":{"line":75,"column":2},"end":{"line":78,"column":3}},"type":"if","locations":[{"start":{"line":75,"column":2},"end":{"line":78,"column":3}}]}},"s":{"0":2,"1":2,"2":2,"3":2,"4":15,"5":15,"6":15,"7":15,"8":15,"9":1180,"10":1180,"11":168,"12":1012,"13":70,"14":70,"15":942,"16":15,"17":15,"18":7,"19":7,"20":7,"21":6,"22":1,"23":1,"24":5,"25":18,"26":5,"27":6,"28":2,"29":4,"30":4,"31":10,"32":10,"33":0,"34":10,"35":10,"36":4,"37":10,"38":8,"39":8,"40":8,"41":1,"42":1,"43":7,"44":7,"45":6,"46":6,"47":1,"48":1},"f":{"0":15,"1":7,"2":18,"3":6,"4":10,"5":10,"6":8},"b":{"0":[168,1012],"1":[70,942],"2":[1012,72],"3":[1],"4":[2],"5":[8,0],"6":[1]}}
}
