TN:
SF:src/direct-sheets-fetch.ts
FN:8,fetchPublicGoogleSheet
FN:45,(anonymous_2)
FN:56,(anonymous_3)
FN:97,(anonymous_4)
FN:102,(anonymous_5)
FN:115,parseCSVRow
FNF:6
FNH:6
FNDA:7,fetchPublicGoogleSheet
FNDA:15,(anonymous_2)
FNDA:135,(anonymous_3)
FNDA:15,(anonymous_4)
FNDA:11,(anonymous_5)
FNDA:15,parseCSVRow
DA:1,4
DA:8,4
DA:12,7
DA:13,7
DA:14,7
DA:15,7
DA:16,7
DA:17,7
DA:19,7
DA:21,7
DA:23,7
DA:25,6
DA:26,1
DA:27,1
DA:31,5
DA:34,5
DA:36,5
DA:38,5
DA:39,0
DA:40,0
DA:45,5
DA:46,15
DA:48,15
DA:51,15
DA:52,16
DA:56,15
DA:57,135
DA:59,135
DA:60,0
DA:62,135
DA:67,15
DA:79,0
DA:80,0
DA:82,0
DA:97,5
DA:98,15
DA:102,11
DA:103,5
DA:105,5
DA:107,1
DA:108,1
DA:116,15
DA:117,15
DA:118,15
DA:120,15
DA:121,1316
DA:123,1316
DA:125,237
DA:126,1079
DA:128,104
DA:129,104
DA:132,975
DA:137,15
DA:139,15
LF:54
LH:48
BRDA:9,0,0,1
BRDA:9,1,0,1
BRDA:9,1,1,0
BRDA:10,2,0,1
BRDA:10,3,0,1
BRDA:10,3,1,0
BRDA:25,4,0,1
BRDA:38,5,0,0
BRDA:59,6,0,0
BRDA:59,7,0,135
BRDA:59,7,1,0
BRDA:68,8,0,15
BRDA:68,8,1,1
BRDA:69,9,0,15
BRDA:69,9,1,13
BRDA:70,10,0,15
BRDA:70,10,1,2
BRDA:71,11,0,15
BRDA:71,11,1,2
BRDA:72,12,0,15
BRDA:72,12,1,7
BRDA:73,13,0,15
BRDA:73,13,1,2
BRDA:74,14,0,15
BRDA:74,14,1,2
BRDA:75,15,0,15
BRDA:75,15,1,2
BRDA:76,16,0,15
BRDA:76,16,1,15
BRDA:102,17,0,11
BRDA:102,17,1,11
BRDA:123,18,0,237
BRDA:123,18,1,1079
BRDA:126,19,0,104
BRDA:126,19,1,975
BRDA:126,20,0,1079
BRDA:126,20,1,107
BRF:37
BRH:32
end_of_record
TN:
SF:src/google-sheets.ts
FN:16,fetchFromGoogleSheet
FN:41,(anonymous_1)
FN:60,(anonymous_2)
FN:72,validateGoogleSheetsConfig
FNF:4
FNH:4
FNDA:4,fetchFromGoogleSheet
FNDA:6,(anonymous_1)
FNDA:6,(anonymous_2)
FNDA:9,validateGoogleSheetsConfig
DA:1,4
DA:16,4
DA:17,4
DA:19,4
DA:25,4
DA:30,3
DA:32,3
DA:33,1
DA:34,1
DA:38,2
DA:40,2
DA:43,6
DA:44,6
DA:45,0
DA:48,6
DA:60,6
DA:62,1
DA:63,1
DA:72,4
DA:73,9
LF:20
LH:19
BRDA:32,0,0,1
BRDA:32,1,0,3
BRDA:32,1,1,2
BRDA:49,2,0,6
BRDA:49,2,1,0
BRDA:50,3,0,6
BRDA:50,3,1,6
BRDA:51,4,0,6
BRDA:51,4,1,0
BRDA:52,5,0,6
BRDA:52,5,1,0
BRDA:53,6,0,6
BRDA:53,6,1,2
BRDA:54,7,0,6
BRDA:54,7,1,0
BRDA:55,8,0,6
BRDA:55,8,1,0
BRDA:56,9,0,6
BRDA:56,9,1,0
BRDA:57,10,0,6
BRDA:57,10,1,6
BRDA:74,11,0,9
BRDA:74,11,1,8
BRDA:74,11,2,6
BRDA:74,11,3,5
BRDA:74,11,4,4
BRDA:74,11,5,3
BRF:27
BRH:21
end_of_record
TN:
SF:src/schedule-manager.ts
FN:17,parseDateTime
FN:55,getMonthIndex
FN:65,processSchedule
FN:69,(anonymous_3)
FN:74,(anonymous_4)
FN:136,createSessionFromRow
FN:186,getSessionsFromGoogleSheet
FNF:7
FNH:7
FNDA:23,parseDateTime
FNDA:23,getMonthIndex
FNDA:7,processSchedule
FNDA:29,(anonymous_3)
FNDA:29,(anonymous_4)
FNDA:23,createSessionFromRow
FNDA:4,getSessionsFromGoogleSheet
DA:1,3
DA:9,3
DA:10,3
DA:11,3
DA:14,3
DA:18,23
DA:20,23
DA:22,23
DA:23,0
DA:26,23
DA:27,23
DA:28,23
DA:29,23
DA:32,23
DA:33,23
DA:34,23
DA:37,23
DA:38,0
DA:41,23
DA:43,0
DA:45,0
DA:46,0
DA:56,23
DA:61,23
DA:65,3
DA:66,7
DA:69,29
DA:70,7
DA:74,7
DA:75,29
DA:78,7
DA:81,7
DA:82,7
DA:83,7
DA:84,7
DA:87,7
DA:88,24
DA:91,24
DA:92,6
DA:96,24
DA:98,0
DA:99,0
DA:100,0
DA:101,0
DA:102,0
DA:104,0
DA:111,24
DA:113,23
DA:114,17
DA:115,17
DA:119,23
DA:120,23
DA:123,1
DA:128,7
DA:129,6
DA:132,7
DA:138,23
DA:141,23
DA:144,23
DA:147,23
DA:150,23
DA:153,23
DA:156,23
DA:159,23
DA:186,3
DA:191,4
DA:192,4
DA:193,4
DA:194,4
DA:195,4
DA:197,4
DA:198,0
DA:201,4
DA:203,4
DA:204,2
DA:207,2
DA:208,1
DA:211,1
DA:212,1
LF:79
LH:67
BRDA:22,0,0,0
BRDA:37,1,0,0
BRDA:61,2,0,23
BRDA:61,2,1,0
BRDA:69,3,0,29
BRDA:69,3,1,29
BRDA:91,4,0,6
BRDA:91,5,0,24
BRDA:91,5,1,24
BRDA:96,6,0,0
BRDA:96,7,0,24
BRDA:96,7,1,0
BRDA:96,7,2,0
BRDA:96,7,3,0
BRDA:98,8,0,0
BRDA:111,9,0,23
BRDA:111,9,1,1
BRDA:111,10,0,24
BRDA:111,10,1,18
BRDA:113,11,0,17
BRDA:128,12,0,6
BRDA:147,13,0,23
BRDA:147,13,1,0
BRDA:187,14,0,1
BRDA:187,15,0,1
BRDA:187,15,1,0
BRDA:188,16,0,1
BRDA:188,17,0,1
BRDA:188,17,1,0
BRDA:197,18,0,0
BRDA:211,19,0,1
BRDA:211,19,1,0
BRF:32
BRH:19
end_of_record
TN:
SF:src/sessions.ts
FN:39,createSession
FN:103,getSessionData
FN:124,refreshSessions
FNF:3
FNH:3
FNDA:28,createSession
FNDA:2,getSessionData
FNDA:2,refreshSessions
DA:2,4
DA:34,4
DA:35,4
DA:36,4
DA:37,4
DA:39,4
DA:55,28
DA:56,28
DA:57,28
DA:58,28
DA:59,28
DA:60,28
DA:62,16
DA:63,16
DA:65,6
DA:66,6
DA:68,5
DA:69,5
DA:71,1
DA:72,1
DA:74,28
DA:93,4
DA:96,4
DA:97,4
DA:98,4
DA:104,2
DA:106,2
DA:112,1
DA:114,1
DA:116,1
DA:121,4
DA:124,4
DA:125,2
DA:126,2
DA:127,2
DA:129,0
DA:130,0
LF:37
LH:35
BRDA:49,0,0,4
BRDA:60,1,0,16
BRDA:60,1,1,6
BRDA:60,1,2,5
BRDA:60,1,3,1
BRDA:96,2,0,4
BRDA:96,2,1,0
BRDA:97,3,0,4
BRDA:97,3,1,0
BRF:9
BRH:7
end_of_record
TN:
SF:src/sheet-parser.ts
FN:40,processSpeakers
FN:43,(anonymous_1)
FN:55,(anonymous_2)
FN:62,mapTypeToDifficulty
FN:72,getLevelColor
FN:83,validateSessionTrack
FNF:6
FNH:6
FNDA:28,processSpeakers
FNDA:23,(anonymous_1)
FNDA:13,(anonymous_2)
FNDA:28,mapTypeToDifficulty
FNDA:5,getLevelColor
FNDA:27,validateSessionTrack
DA:19,4
DA:27,4
DA:40,4
DA:41,28
DA:43,23
DA:45,16
DA:47,16
DA:48,10
DA:55,13
DA:62,4
DA:63,28
DA:64,6
DA:65,5
DA:66,5
DA:67,12
DA:72,4
DA:73,5
DA:74,1
DA:75,1
DA:76,1
DA:77,1
DA:78,1
DA:83,4
DA:84,27
LF:24
LH:24
BRDA:41,0,0,12
BRDA:45,1,0,0
BRDA:47,2,0,10
BRDA:63,3,0,6
BRDA:63,3,1,5
BRDA:63,3,2,5
BRDA:63,3,3,12
BRDA:73,4,0,1
BRDA:73,4,1,1
BRDA:73,4,2,1
BRDA:73,4,3,1
BRDA:73,4,4,1
BRF:12
BRH:11
end_of_record
TN:
SF:src/speakers.ts
FN:19,parseCSVRow
FN:39,fetchPublicSheetDataCSV
FN:47,(anonymous_3)
FN:52,mapAndFilterSheetDataToSpeakerDetails
FN:55,(anonymous_5)
FN:68,(anonymous_6)
FN:72,refreshSpeakers
FNF:7
FNH:7
FNDA:15,parseCSVRow
FNDA:7,fetchPublicSheetDataCSV
FNDA:18,(anonymous_3)
FNDA:6,mapAndFilterSheetDataToSpeakerDetails
FNDA:10,(anonymous_5)
FNDA:10,(anonymous_6)
FNDA:8,refreshSpeakers
DA:1,2
DA:14,2
DA:16,2
DA:20,15
DA:21,15
DA:22,15
DA:23,15
DA:24,1180
DA:25,1180
DA:26,168
DA:27,1012
DA:28,70
DA:29,70
DA:31,942
DA:34,15
DA:35,15
DA:40,7
DA:41,7
DA:42,7
DA:43,6
DA:44,1
DA:45,1
DA:47,18
DA:48,5
DA:53,6
DA:54,4
DA:55,4
DA:56,10
DA:57,10
DA:58,10
DA:59,10
DA:68,10
DA:72,2
DA:73,8
DA:74,8
DA:75,8
DA:76,1
DA:77,1
DA:79,7
DA:80,7
DA:81,6
DA:82,6
DA:84,1
DA:85,1
LF:44
LH:44
BRDA:25,0,0,168
BRDA:25,0,1,1012
BRDA:27,1,0,70
BRDA:27,1,1,942
BRDA:27,2,0,1012
BRDA:27,2,1,72
BRDA:43,3,0,1
BRDA:53,4,0,2
BRDA:74,5,0,8
BRDA:74,5,1,0
BRDA:75,6,0,1
BRF:11
BRH:10
end_of_record
